<?xml version="1.0" encoding="UTF-8"?>
<!-- Generated by org.testng.reporters.JUnitReportReporter -->
<testsuite hostname="TYSS-Sumanth" failures="0" tests="4" name="unitTesting.TestScript" time="0.011" errors="0" timestamp="2023-10-25T17:51:33 IST" skipped="0">
  <testcase classname="unitTesting.TestScript" name="modifyAccount" time="0.008"/>
  <system-out>
from modify account  </system-out>
  <testcase classname="unitTesting.TestScript" name="transferAccount" time="0.000"/>
  <system-out>
from transfer account  </system-out>
  <testcase classname="unitTesting.TestScript" name="deleteAccount" time="0.001"/>
  <system-out>
from delete account  </system-out>
  <testcase classname="unitTesting.TestScript" name="createAccount" time="0.002"/>
  <system-out>
from create account  </system-out>
</testsuite> <!-- unitTesting.TestScript -->
