<?xml version="1.0" encoding="UTF-8"?>
<!-- Generated by org.testng.reporters.JUnitReportReporter -->
<testsuite hostname="TYSS-Sumanth" failures="0" tests="4" name="unitTesting.Multi" time="0.010" errors="0" timestamp="2023-10-25T17:59:27 IST" skipped="0">
  <testcase classname="unitTesting.Multi" name="run" time="0.001"/>
  <system-out>
from run method  </system-out>
  <testcase classname="unitTesting.Multi" name="finish" time="0.001"/>
  <system-out>
from finish method  </system-out>
  <testcase classname="unitTesting.Multi" name="running" time="0.001"/>
  <system-out>
from running method  </system-out>
  <testcase classname="unitTesting.Multi" name="down" time="0.007"/>
  <system-out>
Hi welcome  </system-out>
</testsuite> <!-- unitTesting.Multi -->
