<?xml version="1.0" encoding="UTF-8"?>
<!-- Generated by org.testng.reporters.JUnitReportReporter -->
<testsuite hostname="TYSS-Sumanth" failures="0" tests="1" name="unitTesting.Demo" time="0.009" errors="0" timestamp="2023-10-25T17:32:51 IST" skipped="0">
  <testcase classname="unitTesting.Demo" name="testMethod" time="0.009"/>
  <system-out>
i am from test method  </system-out>
</testsuite> <!-- unitTesting.Demo -->
